<?xml version="1.0" encoding="UTF-8"?>
<!-- Generated by org.testng.reporters.JUnitXMLReporter -->
<testsuite ignored="0" hostname="DESKTOP-E1C1HQG" failures="0" tests="18" name="Default test" time="0.135" errors="0" timestamp="2023-09-04T16:14:43 IST">
  <testcase classname="com.medblaze.BaseTest.BaseClass" name="@BeforeClass setup" time="-1.693824283292E9">
    <failure type="org.testng.TestNGException" message="
Can inject only one of &amp;lt;ITestContext, XmlTest&amp;gt; into a @BeforeClass annotated setup.
For more information on native dependency injection please refer to https://testng.org/doc/documentation-main.html#native-dependency-injection">
      <![CDATA[org.testng.TestNGException: 
Can inject only one of <ITestContext, XmlTest> into a @BeforeClass annotated setup.
For more information on native dependency injection please refer to https://testng.org/doc/documentation-main.html#native-dependency-injection
at org.testng.internal.Parameters.checkParameterTypes(Parameters.java:439)
at org.testng.internal.Parameters.createParametersForMethod(Parameters.java:353)
at org.testng.internal.Parameters.createParameters(Parameters.java:708)
at org.testng.internal.Parameters.createConfigurationParameters(Parameters.java:168)
at org.testng.internal.ConfigInvoker.invokeConfigurations(ConfigInvoker.java:302)
at org.testng.internal.TestMethodWorker.invokeBeforeClassMethods(TestMethodWorker.java:176)
at org.testng.internal.TestMethodWorker.run(TestMethodWorker.java:122)
at java.base/java.util.ArrayList.forEach(ArrayList.java:1511)
at org.testng.TestRunner.privateRun(TestRunner.java:794)
at org.testng.TestRunner.run(TestRunner.java:596)
at org.testng.SuiteRunner.runTest(SuiteRunner.java:377)
at org.testng.SuiteRunner.runSequentially(SuiteRunner.java:371)
at org.testng.SuiteRunner.privateRun(SuiteRunner.java:332)
at org.testng.SuiteRunner.run(SuiteRunner.java:276)
at org.testng.SuiteRunnerWorker.runSuite(SuiteRunnerWorker.java:53)
at org.testng.SuiteRunnerWorker.run(SuiteRunnerWorker.java:96)
at org.testng.TestNG.runSuitesSequentially(TestNG.java:1212)
at org.testng.TestNG.runSuitesLocally(TestNG.java:1134)
at org.testng.TestNG.runSuites(TestNG.java:1063)
at org.testng.TestNG.run(TestNG.java:1031)
at org.testng.remote.AbstractRemoteTestNG.run(AbstractRemoteTestNG.java:115)
at org.testng.remote.RemoteTestNG.initAndRun(RemoteTestNG.java:251)
at org.testng.remote.RemoteTestNG.main(RemoteTestNG.java:77)
]]>
    </failure>
  </testcase> <!-- @BeforeClass setup -->
  <testcase classname="com.medblaze.BaseTest.BaseClass" name="@AfterClass teardown" time="-1.693824283403E9">
    <skipped/>
  </testcase> <!-- @AfterClass teardown -->
  <testcase classname="com.medblaze.qualitymanagement.audits.tests.TestCasesExecution" name="test01" time="0.0">
    <skipped/>
  </testcase> <!-- test01 -->
  <testcase classname="com.medblaze.qualitymanagement.audits.tests.TestCasesExecution" name="test02" time="0.0">
    <skipped/>
  </testcase> <!-- test02 -->
  <testcase classname="com.medblaze.qualitymanagement.audits.tests.TestCasesExecution" name="test03" time="0.0">
    <skipped/>
  </testcase> <!-- test03 -->
  <testcase classname="com.medblaze.qualitymanagement.audits.tests.TestCasesExecution" name="test04" time="0.0">
    <skipped/>
  </testcase> <!-- test04 -->
  <testcase classname="com.medblaze.qualitymanagement.audits.tests.TestCasesExecution" name="test05" time="0.0">
    <skipped/>
  </testcase> <!-- test05 -->
  <testcase classname="com.medblaze.qualitymanagement.audits.tests.TestCasesExecution" name="test07" time="0.0">
    <skipped/>
  </testcase> <!-- test07 -->
  <testcase classname="com.medblaze.qualitymanagement.audits.tests.TestCasesExecution" name="test09" time="0.0">
    <skipped/>
  </testcase> <!-- test09 -->
  <testcase classname="com.medblaze.qualitymanagement.audits.tests.TestCasesExecution" name="test06" time="0.0">
    <skipped/>
  </testcase> <!-- test06 -->
  <testcase classname="com.medblaze.qualitymanagement.audits.tests.TestCasesExecution" name="test08" time="0.0">
    <skipped/>
  </testcase> <!-- test08 -->
  <testcase classname="com.medblaze.qualitymanagement.audits.tests.TestCasesExecution" name="test10" time="0.0">
    <skipped/>
  </testcase> <!-- test10 -->
  <testcase classname="com.medblaze.qualitymanagement.audits.tests.TestCasesExecution" name="test11" time="0.0">
    <skipped/>
  </testcase> <!-- test11 -->
  <testcase classname="com.medblaze.qualitymanagement.audits.tests.TestCasesExecution" name="test12" time="0.0">
    <skipped/>
  </testcase> <!-- test12 -->
  <testcase classname="com.medblaze.qualitymanagement.audits.tests.TestCasesExecution" name="test13" time="0.0">
    <skipped/>
  </testcase> <!-- test13 -->
  <testcase classname="com.medblaze.qualitymanagement.audits.tests.TestCasesExecution" name="test16" time="0.0">
    <skipped/>
  </testcase> <!-- test16 -->
  <testcase classname="com.medblaze.qualitymanagement.audits.tests.TestCasesExecution" name="test14" time="0.0">
    <skipped/>
  </testcase> <!-- test14 -->
  <testcase classname="com.medblaze.qualitymanagement.audits.tests.TestCasesExecution" name="test15" time="0.0">
    <skipped/>
  </testcase> <!-- test15 -->
  <testcase classname="com.medblaze.qualitymanagement.audits.tests.TestCasesExecution" name="test17" time="0.0">
    <skipped/>
  </testcase> <!-- test17 -->
  <testcase classname="com.medblaze.qualitymanagement.audits.tests.TestCasesExecution" name="test18" time="0.0">
    <skipped/>
  </testcase> <!-- test18 -->
</testsuite> <!-- Default test -->
