<?xml version="1.0" encoding="UTF-8"?>
<!-- Generated by org.testng.reporters.JUnitXMLReporter -->
<testsuite ignored="0" hostname="DESKTOP-E1C1HQG" failures="2" tests="2" name="Audits Functionality testing" time="25.353" errors="0" timestamp="2023-10-13T15:38:28 IST">
  <testcase classname="com.medblaze.qualitymanagement.audits.tests.functionalitytesting.FunctionalityTestingTestCasesExecution" name="LogintoApplication" time="3.575">
    <failure type="org.openqa.selenium.StaleElementReferenceException" message="The element with the reference 1f3543c6-df72-4879-9cfe-423ce45aa33d is stale; either its node document is not the active document, or it is no longer connected to the DOM
For documentation on this error, please visit: https://selenium.dev/exceptions/#stale_element_reference
Build info: version: &amp;apos;4.8.0&amp;apos;, revision: &amp;apos;267030adea&amp;apos;
System info: os.name: &amp;apos;Windows 11&amp;apos;, os.arch: &amp;apos;amd64&amp;apos;, os.version: &amp;apos;10.0&amp;apos;, java.version: &amp;apos;17.0.6&amp;apos;
Driver info: org.openqa.selenium.firefox.FirefoxDriver
Command: [e11dae50-2abf-4d46-835f-a51187786b1a, clickElement {id=1f3543c6-df72-4879-9cfe-423ce45aa33d}]
Capabilities {acceptInsecureCerts: true, browserName: firefox, browserVersion: 118.0.2, moz:accessibilityChecks: false, moz:buildID: 20231009140911, moz:debuggerAddress: 127.0.0.1:26159, moz:geckodriverVersion: 0.33.0, moz:headless: false, moz:platformVersion: 10.0, moz:processID: 18348, moz:profile: C:\Users\AJAY\AppData\Local..., moz:shutdownTimeout: 60000, moz:webdriverClick: true, moz:windowless: false, pageLoadStrategy: normal, platformName: WINDOWS, proxy: Proxy(), se:cdp: ws://127.0.0.1:26159/devtoo..., se:cdpVersion: 85.0, setWindowRect: true, strictFileInteractability: false, timeouts: {implicit: 0, pageLoad: 300000, script: 30000}, unhandledPromptBehavior: dismiss and notify}
Element: [[FirefoxDriver: firefox on WINDOWS (e11dae50-2abf-4d46-835f-a51187786b1a)] -&amp;gt; xpath: //input[@id=&amp;apos;login&amp;apos;]]
Session ID: e11dae50-2abf-4d46-835f-a51187786b1a">
      <![CDATA[org.openqa.selenium.StaleElementReferenceException: The element with the reference 1f3543c6-df72-4879-9cfe-423ce45aa33d is stale; either its node document is not the active document, or it is no longer connected to the DOM
For documentation on this error, please visit: https://selenium.dev/exceptions/#stale_element_reference
Build info: version: '4.8.0', revision: '267030adea'
System info: os.name: 'Windows 11', os.arch: 'amd64', os.version: '10.0', java.version: '17.0.6'
Driver info: org.openqa.selenium.firefox.FirefoxDriver
Command: [e11dae50-2abf-4d46-835f-a51187786b1a, clickElement {id=1f3543c6-df72-4879-9cfe-423ce45aa33d}]
Capabilities {acceptInsecureCerts: true, browserName: firefox, browserVersion: 118.0.2, moz:accessibilityChecks: false, moz:buildID: 20231009140911, moz:debuggerAddress: 127.0.0.1:26159, moz:geckodriverVersion: 0.33.0, moz:headless: false, moz:platformVersion: 10.0, moz:processID: 18348, moz:profile: C:\Users\AJAY\AppData\Local..., moz:shutdownTimeout: 60000, moz:webdriverClick: true, moz:windowless: false, pageLoadStrategy: normal, platformName: WINDOWS, proxy: Proxy(), se:cdp: ws://127.0.0.1:26159/devtoo..., se:cdpVersion: 85.0, setWindowRect: true, strictFileInteractability: false, timeouts: {implicit: 0, pageLoad: 300000, script: 30000}, unhandledPromptBehavior: dismiss and notify}
Element: [[FirefoxDriver: firefox on WINDOWS (e11dae50-2abf-4d46-835f-a51187786b1a)] -> xpath: //input[@id='login']]
Session ID: e11dae50-2abf-4d46-835f-a51187786b1a
at org.openqa.selenium.remote.codec.w3c.W3CHttpResponseCodec.createException(W3CHttpResponseCodec.java:200)
at org.openqa.selenium.remote.codec.w3c.W3CHttpResponseCodec.decode(W3CHttpResponseCodec.java:133)
at org.openqa.selenium.remote.codec.w3c.W3CHttpResponseCodec.decode(W3CHttpResponseCodec.java:53)
at org.openqa.selenium.remote.HttpCommandExecutor.execute(HttpCommandExecutor.java:184)
at org.openqa.selenium.remote.service.DriverCommandExecutor.invokeExecute(DriverCommandExecutor.java:167)
at org.openqa.selenium.remote.service.DriverCommandExecutor.execute(DriverCommandExecutor.java:142)
at org.openqa.selenium.remote.RemoteWebDriver.execute(RemoteWebDriver.java:543)
at org.openqa.selenium.remote.RemoteWebElement.execute(RemoteWebElement.java:257)
at org.openqa.selenium.remote.RemoteWebElement.click(RemoteWebElement.java:78)
at org.openqa.selenium.support.pagefactory.internal.LocatingElementHandler.invoke(LocatingElementHandler.java:52)
at jdk.proxy2/jdk.proxy2.$Proxy31.click(Unknown Source)
at com.medblaze.qualitymanagement.audits.pageobjects.flowtesting.LoginTestElements.loginclick(LoginTestElements.java:37)
at com.medblaze.qualitymanagement.audits.tests.flowtesting.Login.test(Login.java:22)
at com.medblaze.qualitymanagement.audits.tests.functionalitytesting.FunctionalityTestingTestCasesExecution.LogintoApplication(FunctionalityTestingTestCasesExecution.java:12)
at java.base/java.util.concurrent.ThreadPoolExecutor.runWorker(ThreadPoolExecutor.java:1136)
at java.base/java.util.concurrent.ThreadPoolExecutor$Worker.run(ThreadPoolExecutor.java:635)
at java.base/java.lang.Thread.run(Thread.java:833)
... Removed 21 stack frames]]>
    </failure>
  </testcase> <!-- LogintoApplication -->
  <testcase classname="com.medblaze.qualitymanagement.audits.tests.functionalitytesting.FunctionalityTestingTestCasesExecution" name="fieldsTestingofTextfield" time="6.764">
    <failure type="java.lang.AssertionError" message="expected [true] but found [false]">
      <![CDATA[java.lang.AssertionError: expected [true] but found [false]
at com.medblaze.qualitymanagement.audits.tests.flowtesting.Login.test(Login.java:33)
at com.medblaze.qualitymanagement.audits.tests.functionalitytesting.FunctionalityTestingTestCasesExecution.fieldsTestingofTextfield(FunctionalityTestingTestCasesExecution.java:24)
at java.base/java.util.concurrent.ThreadPoolExecutor.runWorker(ThreadPoolExecutor.java:1136)
at java.base/java.util.concurrent.ThreadPoolExecutor$Worker.run(ThreadPoolExecutor.java:635)
at java.base/java.lang.Thread.run(Thread.java:833)
... Removed 16 stack frames]]>
    </failure>
  </testcase> <!-- fieldsTestingofTextfield -->
</testsuite> <!-- Audits Functionality testing -->
